Process initiated!
Input file set to '.\US-2015\NCSS - US [2015] (Strict).txt'
Code file set to '.\US-2015\NCSS - US [2015] (Strict).coded.txt'
Mark file set to '.\US-2015\NCSS - US [2015] (Strict).marked.txt'
WordCount file set to '.\US-2015\NCSS - US [2015] (Strict).wct.xlsx'
Mask set to '<{CAT}#{SUB}#{GRP}#{TRM}>'
=> Case set to SENSITIVE
=> Verbose set to OFF
=> Processing 'CLEANING'
=> Processing 'PREPARATION'
=> Processing 'CLEANING'
=> Text set to CODED
=> Text set to LOWERCASE
=> Processing 'STOPWORDS'
=> Processing 'CLEANING'
=> Marking set to ON
=> Text set to CODED
=> Processing 'US'
=> Processing 'GENERIC'
Normal termination!
